0 info it worked if it ends with ok
1 verbose cli [ 'C:\\Program Files\\nodejs\\node.exe',
1 verbose cli   'C:\\Users\\chica\\AppData\\Roaming\\npm\\node_modules\\npm\\bin\\npm-cli.js',
1 verbose cli   'i',
1 verbose cli   '-g',
1 verbose cli   'nodeman' ]
2 info using npm@2.14.3
3 info using node@v4.2.0
4 verbose install initial load of C:\Program Files\nodejs\package.json
5 verbose readDependencies loading dependencies from C:\Program Files\nodejs\package.json
6 silly cache add args [ 'nodeman', null ]
7 verbose cache add spec nodeman
8 silly cache add parsed spec Result {
8 silly cache add   raw: 'nodeman',
8 silly cache add   scope: null,
8 silly cache add   name: 'nodeman',
8 silly cache add   rawSpec: '',
8 silly cache add   spec: '*',
8 silly cache add   type: 'range' }
9 silly addNamed nodeman@*
10 verbose addNamed "*" is a valid semver range for nodeman
11 silly addNameRange { name: 'nodeman', range: '*', hasData: false }
12 silly mapToRegistry name nodeman
13 silly mapToRegistry using default registry
14 silly mapToRegistry registry https://registry.npmjs.org/
15 silly mapToRegistry uri https://registry.npmjs.org/nodeman
16 verbose addNameRange registry:https://registry.npmjs.org/nodeman not in flight; fetching
17 verbose request uri https://registry.npmjs.org/nodeman
18 verbose request no auth needed
19 info attempt registry request try #1 at 2:01:50 PM
20 verbose request id 9638f54da254fd93
21 verbose etag "5HDXE6DJ5SXYK7K333SH59AET"
22 http request GET https://registry.npmjs.org/nodeman
23 http 304 https://registry.npmjs.org/nodeman
24 silly get cb [ 304,
24 silly get   { date: 'Mon, 26 Oct 2015 19:01:47 GMT',
24 silly get     via: '1.1 varnish',
24 silly get     'cache-control': 'max-age=60',
24 silly get     etag: '"5HDXE6DJ5SXYK7K333SH59AET"',
24 silly get     age: '0',
24 silly get     connection: 'keep-alive',
24 silly get     'x-served-by': 'cache-dfw1826-DFW',
24 silly get     'x-cache': 'MISS',
24 silly get     'x-cache-hits': '0',
24 silly get     'x-timer': 'S1445886107.630443,VS0,VE130',
24 silly get     vary: 'Accept' } ]
25 verbose etag https://registry.npmjs.org/nodeman from cache
26 verbose get saving nodeman to C:\Users\chica\AppData\Roaming\npm-cache\registry.npmjs.org\nodeman\.cache.json
27 silly addNameRange number 2 { name: 'nodeman', range: '*', hasData: true }
28 silly addNameRange versions [ 'nodeman',
28 silly addNameRange   [ '0.0.1',
28 silly addNameRange     '0.0.2',
28 silly addNameRange     '0.0.3',
28 silly addNameRange     '0.0.4',
28 silly addNameRange     '0.0.5',
28 silly addNameRange     '0.0.6',
28 silly addNameRange     '0.1.0',
28 silly addNameRange     '0.1.1',
28 silly addNameRange     '0.1.2',
28 silly addNameRange     '0.1.3',
28 silly addNameRange     '0.1.5',
28 silly addNameRange     '0.1.6',
28 silly addNameRange     '0.1.7',
28 silly addNameRange     '0.1.8',
28 silly addNameRange     '0.1.9',
28 silly addNameRange     '0.2.0',
28 silly addNameRange     '0.3.0',
28 silly addNameRange     '0.3.1',
28 silly addNameRange     '0.3.5',
28 silly addNameRange     '0.3.6',
28 silly addNameRange     '0.3.7',
28 silly addNameRange     '0.4.0',
28 silly addNameRange     '0.4.1',
28 silly addNameRange     '0.5.0',
28 silly addNameRange     '1.0.0',
28 silly addNameRange     '1.0.0-1',
28 silly addNameRange     '1.0.0-2',
28 silly addNameRange     '1.0.1',
28 silly addNameRange     '1.0.2',
28 silly addNameRange     '1.0.3',
28 silly addNameRange     '1.0.4',
28 silly addNameRange     '1.0.5',
28 silly addNameRange     '1.0.6',
28 silly addNameRange     '1.0.7',
28 silly addNameRange     '1.0.9',
28 silly addNameRange     '1.1.0',
28 silly addNameRange     '1.1.1',
28 silly addNameRange     '1.1.2',
28 silly addNameRange     '1.0.3-p1' ] ]
29 silly addNamed nodeman@1.1.2
30 verbose addNamed "1.1.2" is a plain semver version for nodeman
31 silly cache afterAdd nodeman@1.1.2
32 verbose afterAdd C:\Users\chica\AppData\Roaming\npm-cache\nodeman\1.1.2\package\package.json not in flight; writing
33 verbose afterAdd C:\Users\chica\AppData\Roaming\npm-cache\nodeman\1.1.2\package\package.json written
34 silly install resolved [ { author: { name: 'nanhapark', email: 'http://about.me/nanha' },
34 silly install resolved     name: 'nodeman',
34 silly install resolved     description: 'Executable Node.js User\'s Colorful Manual for Command-line.',
34 silly install resolved     homepage: 'http://manual.nodeman.org',
34 silly install resolved     version: '1.1.2',
34 silly install resolved     repository: { type: 'git', url: 'git://github.com/nanha/nodeman.git' },
34 silly install resolved     bin: { nodeman: './bin/nodeman', _nodeman: './bin/_nodeman' },
34 silly install resolved     main: 'lib/nodeman.js',
34 silly install resolved     dependencies: { colors: '*' },
34 silly install resolved     devDependencies: { grunt: '*', 'grunt-contrib-jshint': '~0.3.0' },
34 silly install resolved     scripts: { test: 'grunt --verbose' },
34 silly install resolved     engines: { node: '*' },
34 silly install resolved     readme: '[![Build Status](https://travis-ci.org/nanha/nodeman.png?branch=master)](https://travis-ci.org/nanha/nodeman)\n\n소개\n====\n\n  문서를 브라우져로만 봐야 하나요? 저의 개발환경은 vim. 저는 참 vim 을 좋아하는데요. 암튼 man 명령어를 node.js 용으로 만들어보자.\n\n  Node.js Core Module 부터 각종 3rd party module 유용한 것이면, 모두 제공할 수 있도록 지속적인 업데이트\n  \n  [소개 웹페이지](http://manual.nodeman.org)\n  \n  \n설치\n====\n\n    npm install nodeman -g\n\n업데이트\n========\n\n    npm update nodeman -g\n\n\n사용방법\n======\n\n## help\n\n    $ nodeman -h\n\n## 포함된 모듈을 카테고리별로 보기\n\n    $ nodeman -b\n\n## node.js doc 에 포함된 http NativeModule 보기\n\n    $ nodeman http\n\n## async module\n\n    $ nodeman async\n\n문서추가 방법\n==============\n\ndocs 디렉토리안에 moduleName.meta.js, modulename.md 규칙으로 생성되어야 합니다.\n\n## moduleName.meta.js\n\n    exports.name = \'moduleName\';\n    exports.category = \'none\';\n    exports.homepage = \'http://homepage\';\n\n## moduleName.md\n\nMarkdown 형식으로 작성\n\n',
34 silly install resolved     _id: 'nodeman@1.1.2',
34 silly install resolved     dist:
34 silly install resolved      { shasum: '78128508f7540dbbffbf7f1093222e09d58e1b64',
34 silly install resolved        tarball: 'http://registry.npmjs.org/nodeman/-/nodeman-1.1.2.tgz' },
34 silly install resolved     _npmVersion: '1.1.63',
34 silly install resolved     _npmUser: { name: 'nanhapark', email: 'nanhap@gmail.com' },
34 silly install resolved     maintainers: [ [Object] ],
34 silly install resolved     directories: {},
34 silly install resolved     _shasum: '78128508f7540dbbffbf7f1093222e09d58e1b64',
34 silly install resolved     _resolved: 'https://registry.npmjs.org/nodeman/-/nodeman-1.1.2.tgz',
34 silly install resolved     _from: 'nodeman@*',
34 silly install resolved     bugs: { url: 'https://github.com/nanha/nodeman/issues' } } ]
35 info install nodeman@1.1.2 into C:\Program Files\nodejs
36 info installOne nodeman@1.1.2
37 verbose installOne of nodeman to C:\Program Files\nodejs not in flight; installing
38 verbose lock using C:\Users\chica\AppData\Roaming\npm-cache\_locks\nodeman-57e4d52e089760c9.lock for C:\Program Files\nodejs\node_modules\nodeman
39 silly install write writing nodeman 1.1.2 to C:\Program Files\nodejs\node_modules\nodeman
40 verbose unbuild node_modules\nodeman
41 silly gentlyRm C:\Program Files\nodejs\node_modules\nodeman is being purged from base C:\Program Files\nodejs
42 verbose gentlyRm don't care about contents; nuking C:\Program Files\nodejs\node_modules\nodeman
43 verbose tar unpack C:\Users\chica\AppData\Roaming\npm-cache\nodeman\1.1.2\package.tgz
44 verbose tar unpacking to C:\Program Files\nodejs\node_modules\nodeman
45 silly gentlyRm C:\Program Files\nodejs\node_modules\nodeman is being purged
46 verbose gentlyRm don't care about contents; nuking C:\Program Files\nodejs\node_modules\nodeman
47 silly gunzTarPerm modes [ '777', '666' ]
48 error tar.unpack untar error C:\Users\chica\AppData\Roaming\npm-cache\nodeman\1.1.2\package.tgz
49 verbose unlock done using C:\Users\chica\AppData\Roaming\npm-cache\_locks\nodeman-57e4d52e089760c9.lock for C:\Program Files\nodejs\node_modules\nodeman
50 verbose fstream_path C:\Program Files\nodejs\node_modules\nodeman
51 verbose fstream_type Directory
52 verbose fstream_class DirWriter
53 verbose stack Error: EPERM: operation not permitted, mkdir 'C:\Program Files\nodejs\node_modules\nodeman'
53 verbose stack     at Error (native)
54 verbose fstream_stack C:\Users\chica\AppData\Roaming\npm\node_modules\npm\node_modules\fstream\lib\dir-writer.js:35:25
54 verbose fstream_stack C:\Users\chica\AppData\Roaming\npm\node_modules\npm\node_modules\mkdirp\index.js:47:53
54 verbose fstream_stack FSReqWrap.oncomplete (fs.js:82:15)
55 verbose cwd C:\App\remax-angular-material
56 error Windows_NT 10.0.10240
57 error argv "C:\\Program Files\\nodejs\\node.exe" "C:\\Users\\chica\\AppData\\Roaming\\npm\\node_modules\\npm\\bin\\npm-cli.js" "i" "-g" "nodeman"
58 error node v4.2.0
59 error npm  v2.14.3
60 error path C:\Program Files\nodejs\node_modules\nodeman
61 error code EPERM
62 error errno -4048
63 error syscall mkdir
64 error Error: EPERM: operation not permitted, mkdir 'C:\Program Files\nodejs\node_modules\nodeman'
64 error     at Error (native)
64 error  { [Error: EPERM: operation not permitted, mkdir 'C:\Program Files\nodejs\node_modules\nodeman']
64 error   errno: -4048,
64 error   code: 'EPERM',
64 error   syscall: 'mkdir',
64 error   path: 'C:\\Program Files\\nodejs\\node_modules\\nodeman',
64 error   fstream_type: 'Directory',
64 error   fstream_path: 'C:\\Program Files\\nodejs\\node_modules\\nodeman',
64 error   fstream_class: 'DirWriter',
64 error   fstream_stack:
64 error    [ 'C:\\Users\\chica\\AppData\\Roaming\\npm\\node_modules\\npm\\node_modules\\fstream\\lib\\dir-writer.js:35:25',
64 error      'C:\\Users\\chica\\AppData\\Roaming\\npm\\node_modules\\npm\\node_modules\\mkdirp\\index.js:47:53',
64 error      'FSReqWrap.oncomplete (fs.js:82:15)' ] }
65 error Please try running this command again as root/Administrator.
66 verbose exit [ -4048, true ]
67 verbose unbuild node_modules\nodeman
68 silly gentlyRm C:\Program Files\nodejs\node_modules\nodeman is being purged from base C:\Program Files\nodejs
69 verbose gentlyRm don't care about contents; nuking C:\Program Files\nodejs\node_modules\nodeman
